[2023-02-08T03:07:17.173] [INFO] app - {
  error: {
    message: 'Network Error',
    name: 'Error',
    stack: 'Error: Network Error\n' +
      '    at createError (webpack-internal:///../../node_modules/axios/lib/core/createError.js:16:15)\n' +
      '    at XMLHttpRequest.handleError (webpack-internal:///../../node_modules/axios/lib/adapters/xhr.js:99:14)',
    config: {
      url: 'https://jalasoft24288.api-us1.com/api/3/contact/sync',
      method: 'post',
      data: '{"contact":{"email":"aldoarielbarrera@gmail.com","phone":"+59172414837","fieldValues":[{"field":"1","value":"Home"},{"field":"5","value":"Development"},{"field":"4","value":"Under $15K"},{"field":"6","value":"test"},{"field":"8","value":"true"},{"field":"9","value":"true"},{"field":"10","value":"/staff-augmentation"}]}}',
      headers: [Object],
      transformRequest: [Array],
      transformResponse: [Array],
      timeout: 0,
      xsrfCookieName: 'XSRF-TOKEN',
      xsrfHeaderName: 'X-XSRF-TOKEN',
      maxContentLength: -1,
      maxBodyLength: -1,
      transitional: [Object]
    }
  }
}
[2023-02-08T03:11:22.312] [INFO] app - {
  error: {
    message: 'Network Error',
    name: 'Error',
    stack: 'Error: Network Error\n' +
      '    at createError (webpack-internal:///../../node_modules/axios/lib/core/createError.js:16:15)\n' +
      '    at XMLHttpRequest.handleError (webpack-internal:///../../node_modules/axios/lib/adapters/xhr.js:99:14)',
    config: {
      url: 'https://jalasoft24288.api-us1.com/api/3/contact/sync',
      method: 'post',
      data: '{"contact":{"email":"aldoarielbarrera@gmail.com","phone":"+59172414837","fieldValues":[{"field":"1","value":"Home"},{"field":"5","value":"Development"},{"field":"4","value":"Under $15K"},{"field":"6","value":"test"},{"field":"8","value":"true"},{"field":"9","value":"true"},{"field":"10","value":"/staff-augmentation"}]}}',
      headers: [Object],
      transformRequest: [Array],
      transformResponse: [Array],
      timeout: 0,
      xsrfCookieName: 'XSRF-TOKEN',
      xsrfHeaderName: 'X-XSRF-TOKEN',
      maxContentLength: -1,
      maxBodyLength: -1,
      transitional: [Object]
    }
  }
}
[2023-02-08T03:26:36.439] [INFO] app - { error: 'The contact does not exist' }
[2023-02-08T03:29:09.011] [INFO] app - { error: 'The contact does not exist' }
[2023-02-08T03:35:39.789] [INFO] app - {
  error: {
    message: 'Network Error',
    name: 'Error',
    stack: 'Error: Network Error\n' +
      '    at createError (webpack-internal:///../../node_modules/axios/lib/core/createError.js:16:15)\n' +
      '    at XMLHttpRequest.handleError (webpack-internal:///../../node_modules/axios/lib/adapters/xhr.js:99:14)',
    config: {
      url: 'https://jalasoft24288.api-us1.com/api/3/contactLists',
      method: 'post',
      data: '{"contactList":{"list":13,"contact":null,"status":1}}',
      headers: [Object],
      transformRequest: [Array],
      transformResponse: [Array],
      timeout: 0,
      xsrfCookieName: 'XSRF-TOKEN',
      xsrfHeaderName: 'X-XSRF-TOKEN',
      maxContentLength: -1,
      maxBodyLength: -1,
      transitional: [Object]
    }
  }
}
[2023-02-08T03:56:06.749] [INFO] app - Error: Request failed with status code 500
    at createError (/home/aldobarrera/websites/node_modules/axios/lib/core/createError.js:16:15)
    at settle (/home/aldobarrera/websites/node_modules/axios/lib/core/settle.js:17:12)
    at IncomingMessage.handleStreamEnd (/home/aldobarrera/websites/node_modules/axios/lib/adapters/http.js:269:11)
    at IncomingMessage.emit (node:events:402:35)
    at IncomingMessage.emit (node:domain:475:12)
    at endReadableNT (node:internal/streams/readable:1343:12)
    at processTicksAndRejections (node:internal/process/task_queues:83:21) {
  config: {
    url: 'https://jalasoft24288.api-us1.com/api/3/contactLists',
    method: 'post',
    data: '{"contactList":{"list":13,"contact":{"size":0,"timeout":0},"status":1}}',
    headers: {
      'Api-Token': '88ba14ca8bae3ff5f70b40c44c9603b95a2bbf9c14f94dc84406a1e4e9923391849da0d6',
      'Content-Type': 'application/json',
      'User-Agent': 'axios/0.21.4',
      'Content-Length': 71
    },
    transformRequest: [ [Function: transformRequest] ],
    transformResponse: [ [Function: transformResponse] ],
    timeout: 0,
    adapter: [Function: httpAdapter],
    xsrfCookieName: 'XSRF-TOKEN',
    xsrfHeaderName: 'X-XSRF-TOKEN',
    maxContentLength: -1,
    maxBodyLength: -1,
    validateStatus: [Function: validateStatus],
    transitional: {
      silentJSONParsing: true,
      forcedJSONParsing: true,
      clarifyTimeoutError: false
    }
  },
  request: <ref *1> ClientRequest {
    _events: [Object: null prototype] {
      abort: [Function (anonymous)],
      aborted: [Function (anonymous)],
      connect: [Function (anonymous)],
      error: [Function (anonymous)],
      socket: [Function (anonymous)],
      timeout: [Function (anonymous)],
      prefinish: [Function: requestOnPrefinish]
    },
    _eventsCount: 7,
    _maxListeners: undefined,
    outputData: [],
    outputSize: 0,
    writable: true,
    destroyed: false,
    _last: true,
    chunkedEncoding: false,
    shouldKeepAlive: false,
    maxRequestsOnConnectionReached: false,
    _defaultKeepAlive: true,
    useChunkedEncodingByDefault: true,
    sendDate: false,
    _removedConnection: false,
    _removedContLen: false,
    _removedTE: false,
    _contentLength: null,
    _hasBody: true,
    _trailer: '',
    finished: true,
    _headerSent: true,
    _closed: false,
    socket: TLSSocket {
      _tlsOptions: [Object],
      _secureEstablished: true,
      _securePending: false,
      _newSessionPending: false,
      _controlReleased: true,
      secureConnecting: false,
      _SNICallback: null,
      servername: 'jalasoft24288.api-us1.com',
      alpnProtocol: false,
      authorized: true,
      authorizationError: null,
      encrypted: true,
      _events: [Object: null prototype],
      _eventsCount: 10,
      connecting: false,
      _hadError: false,
      _parent: null,
      _host: 'jalasoft24288.api-us1.com',
      _readableState: [ReadableState],
      _maxListeners: undefined,
      _writableState: [WritableState],
      allowHalfOpen: false,
      _sockname: null,
      _pendingData: null,
      _pendingEncoding: '',
      server: undefined,
      _server: null,
      ssl: [TLSWrap],
      _requestCert: true,
      _rejectUnauthorized: true,
      parser: null,
      _httpMessage: [Circular *1],
      [Symbol(res)]: [TLSWrap],
      [Symbol(verified)]: true,
      [Symbol(pendingSession)]: null,
      [Symbol(async_id_symbol)]: 106323,
      [Symbol(kHandle)]: [TLSWrap],
      [Symbol(kSetNoDelay)]: false,
      [Symbol(lastWriteQueueSize)]: 0,
      [Symbol(timeout)]: null,
      [Symbol(kBuffer)]: null,
      [Symbol(kBufferCb)]: null,
      [Symbol(kBufferGen)]: null,
      [Symbol(kCapture)]: false,
      [Symbol(kBytesRead)]: 0,
      [Symbol(kBytesWritten)]: 0,
      [Symbol(connect-options)]: [Object],
      [Symbol(RequestTimeout)]: undefined
    },
    _header: 'POST /api/3/contactLists HTTP/1.1\r\n' +
      'Api-Token: 88ba14ca8bae3ff5f70b40c44c9603b95a2bbf9c14f94dc84406a1e4e9923391849da0d6\r\n' +
      'Content-Type: application/json\r\n' +
      'User-Agent: axios/0.21.4\r\n' +
      'Content-Length: 71\r\n' +
      'Host: jalasoft24288.api-us1.com\r\n' +
      'Connection: close\r\n' +
      '\r\n',
    _keepAliveTimeout: 0,
    _onPendingData: [Function: nop],
    agent: Agent {
      _events: [Object: null prototype],
      _eventsCount: 2,
      _maxListeners: undefined,
      defaultPort: 443,
      protocol: 'https:',
      options: [Object: null prototype],
      requests: [Object: null prototype] {},
      sockets: [Object: null prototype],
      freeSockets: [Object: null prototype] {},
      keepAliveMsecs: 1000,
      keepAlive: false,
      maxSockets: Infinity,
      maxFreeSockets: 256,
      scheduling: 'lifo',
      maxTotalSockets: Infinity,
      totalSocketCount: 1,
      maxCachedSessions: 100,
      _sessionCache: [Object],
      [Symbol(kCapture)]: false
    },
    socketPath: undefined,
    method: 'POST',
    maxHeaderSize: undefined,
    insecureHTTPParser: undefined,
    path: '/api/3/contactLists',
    _ended: true,
    res: IncomingMessage {
      _readableState: [ReadableState],
      _events: [Object: null prototype],
      _eventsCount: 3,
      _maxListeners: undefined,
      socket: [TLSSocket],
      httpVersionMajor: 1,
      httpVersionMinor: 1,
      httpVersion: '1.1',
      complete: true,
      rawHeaders: [Array],
      rawTrailers: [],
      aborted: false,
      upgrade: false,
      url: '',
      method: null,
      statusCode: 500,
      statusMessage: 'Internal Server Error',
      client: [TLSSocket],
      _consuming: false,
      _dumped: false,
      req: [Circular *1],
      responseUrl: 'https://jalasoft24288.api-us1.com/api/3/contactLists',
      redirects: [],
      [Symbol(kCapture)]: false,
      [Symbol(kHeaders)]: [Object],
      [Symbol(kHeadersCount)]: 36,
      [Symbol(kTrailers)]: null,
      [Symbol(kTrailersCount)]: 0,
      [Symbol(RequestTimeout)]: undefined
    },
    aborted: false,
    timeoutCb: null,
    upgradeOrConnect: false,
    parser: null,
    maxHeadersCount: null,
    reusedSocket: false,
    host: 'jalasoft24288.api-us1.com',
    protocol: 'https:',
    _redirectable: Writable {
      _writableState: [WritableState],
      _events: [Object: null prototype],
      _eventsCount: 2,
      _maxListeners: undefined,
      _options: [Object],
      _ended: true,
      _ending: true,
      _redirectCount: 0,
      _redirects: [],
      _requestBodyLength: 71,
      _requestBodyBuffers: [],
      _onNativeResponse: [Function (anonymous)],
      _currentRequest: [Circular *1],
      _currentUrl: 'https://jalasoft24288.api-us1.com/api/3/contactLists',
      [Symbol(kCapture)]: false
    },
    [Symbol(kCapture)]: false,
    [Symbol(kNeedDrain)]: false,
    [Symbol(corked)]: 0,
    [Symbol(kOutHeaders)]: [Object: null prototype] {
      'api-token': [Array],
      'content-type': [Array],
      'user-agent': [Array],
      'content-length': [Array],
      host: [Array]
    }
  },
  response: {
    status: 500,
    statusText: 'Internal Server Error',
    headers: {
      date: 'Wed, 08 Feb 2023 07:56:06 GMT',
      'content-type': 'application/json',
      'content-length': '0',
      connection: 'close',
      'cache-control': 'no-store, no-cache, must-revalidate',
      expires: 'Thu, 19 Nov 1981 08:52:00 GMT',
      pragma: 'no-cache',
      'set-cookie': [Array],
      'x-ac-error': 'Code 9001',
      'x-envoy-upstream-service-time': '77',
      'x-request-id': '4bbd8abe-2c73-4cdc-914e-74ef14601ce5',
      'cf-cache-status': 'DYNAMIC',
      server: 'cloudflare',
      'cf-ray': '7962ce8bef1ec844-ARI'
    },
    config: {
      url: 'https://jalasoft24288.api-us1.com/api/3/contactLists',
      method: 'post',
      data: '{"contactList":{"list":13,"contact":{"size":0,"timeout":0},"status":1}}',
      headers: [Object],
      transformRequest: [Array],
      transformResponse: [Array],
      timeout: 0,
      adapter: [Function: httpAdapter],
      xsrfCookieName: 'XSRF-TOKEN',
      xsrfHeaderName: 'X-XSRF-TOKEN',
      maxContentLength: -1,
      maxBodyLength: -1,
      validateStatus: [Function: validateStatus],
      transitional: [Object]
    },
    request: <ref *1> ClientRequest {
      _events: [Object: null prototype],
      _eventsCount: 7,
      _maxListeners: undefined,
      outputData: [],
      outputSize: 0,
      writable: true,
      destroyed: false,
      _last: true,
      chunkedEncoding: false,
      shouldKeepAlive: false,
      maxRequestsOnConnectionReached: false,
      _defaultKeepAlive: true,
      useChunkedEncodingByDefault: true,
      sendDate: false,
      _removedConnection: false,
      _removedContLen: false,
      _removedTE: false,
      _contentLength: null,
      _hasBody: true,
      _trailer: '',
      finished: true,
      _headerSent: true,
      _closed: false,
      socket: [TLSSocket],
      _header: 'POST /api/3/contactLists HTTP/1.1\r\n' +
        'Api-Token: 88ba14ca8bae3ff5f70b40c44c9603b95a2bbf9c14f94dc84406a1e4e9923391849da0d6\r\n' +
        'Content-Type: application/json\r\n' +
        'User-Agent: axios/0.21.4\r\n' +
        'Content-Length: 71\r\n' +
        'Host: jalasoft24288.api-us1.com\r\n' +
        'Connection: close\r\n' +
        '\r\n',
      _keepAliveTimeout: 0,
      _onPendingData: [Function: nop],
      agent: [Agent],
      socketPath: undefined,
      method: 'POST',
      maxHeaderSize: undefined,
      insecureHTTPParser: undefined,
      path: '/api/3/contactLists',
      _ended: true,
      res: [IncomingMessage],
      aborted: false,
      timeoutCb: null,
      upgradeOrConnect: false,
      parser: null,
      maxHeadersCount: null,
      reusedSocket: false,
      host: 'jalasoft24288.api-us1.com',
      protocol: 'https:',
      _redirectable: [Writable],
      [Symbol(kCapture)]: false,
      [Symbol(kNeedDrain)]: false,
      [Symbol(corked)]: 0,
      [Symbol(kOutHeaders)]: [Object: null prototype]
    },
    data: ''
  },
  isAxiosError: true,
  toJSON: [Function: toJSON]
}
[2023-02-08T03:56:06.981] [INFO] app - {
  error: {
    message: 'Request failed with status code 500',
    name: 'Error',
    stack: 'Error: Request failed with status code 500\n' +
      '    at createError (webpack-internal:///../../node_modules/axios/lib/core/createError.js:16:15)\n' +
      '    at settle (webpack-internal:///../../node_modules/axios/lib/core/settle.js:17:12)\n' +
      '    at XMLHttpRequest.onloadend (webpack-internal:///../../node_modules/axios/lib/adapters/xhr.js:54:7)',
    config: {
      url: '/api/activeCampaign',
      method: 'post',
      data: '{"data":{"fullname":"Aldo Ariel Barrera Meneses","email":"aldoarielbarrera@gmail.com","phone":"+59172414837","company":"Home","service":"Development","estimatedBudget":"Under $15K","howCanWeHelp":"test","receiveInformation":true,"consentPrivacy":true,"origin":"/staff-augmentation"}}',
      headers: [Object],
      transformRequest: [Array],
      transformResponse: [Array],
      timeout: 0,
      xsrfCookieName: 'XSRF-TOKEN',
      xsrfHeaderName: 'X-XSRF-TOKEN',
      maxContentLength: -1,
      maxBodyLength: -1,
      transitional: [Object]
    }
  }
}
[2023-02-08T04:02:55.708] [INFO] app - Error: Request failed with status code 500
    at createError (/home/aldobarrera/websites/node_modules/axios/lib/core/createError.js:16:15)
    at settle (/home/aldobarrera/websites/node_modules/axios/lib/core/settle.js:17:12)
    at IncomingMessage.handleStreamEnd (/home/aldobarrera/websites/node_modules/axios/lib/adapters/http.js:269:11)
    at IncomingMessage.emit (node:events:402:35)
    at IncomingMessage.emit (node:domain:475:12)
    at endReadableNT (node:internal/streams/readable:1343:12)
    at processTicksAndRejections (node:internal/process/task_queues:83:21) {
  config: {
    url: 'https://jalasoft24288.api-us1.com/api/3/contactLists',
    method: 'post',
    data: '{"contactList":{"list":13,"contact":{"size":0,"timeout":0},"status":1}}',
    headers: {
      'Api-Token': '88ba14ca8bae3ff5f70b40c44c9603b95a2bbf9c14f94dc84406a1e4e9923391849da0d6',
      'Content-Type': 'application/json',
      'User-Agent': 'axios/0.21.4',
      'Content-Length': 71
    },
    transformRequest: [ [Function: transformRequest] ],
    transformResponse: [ [Function: transformResponse] ],
    timeout: 0,
    adapter: [Function: httpAdapter],
    xsrfCookieName: 'XSRF-TOKEN',
    xsrfHeaderName: 'X-XSRF-TOKEN',
    maxContentLength: -1,
    maxBodyLength: -1,
    validateStatus: [Function: validateStatus],
    transitional: {
      silentJSONParsing: true,
      forcedJSONParsing: true,
      clarifyTimeoutError: false
    }
  },
  request: <ref *1> ClientRequest {
    _events: [Object: null prototype] {
      abort: [Function (anonymous)],
      aborted: [Function (anonymous)],
      connect: [Function (anonymous)],
      error: [Function (anonymous)],
      socket: [Function (anonymous)],
      timeout: [Function (anonymous)],
      prefinish: [Function: requestOnPrefinish]
    },
    _eventsCount: 7,
    _maxListeners: undefined,
    outputData: [],
    outputSize: 0,
    writable: true,
    destroyed: false,
    _last: true,
    chunkedEncoding: false,
    shouldKeepAlive: false,
    maxRequestsOnConnectionReached: false,
    _defaultKeepAlive: true,
    useChunkedEncodingByDefault: true,
    sendDate: false,
    _removedConnection: false,
    _removedContLen: false,
    _removedTE: false,
    _contentLength: null,
    _hasBody: true,
    _trailer: '',
    finished: true,
    _headerSent: true,
    _closed: false,
    socket: TLSSocket {
      _tlsOptions: [Object],
      _secureEstablished: true,
      _securePending: false,
      _newSessionPending: false,
      _controlReleased: true,
      secureConnecting: false,
      _SNICallback: null,
      servername: 'jalasoft24288.api-us1.com',
      alpnProtocol: false,
      authorized: true,
      authorizationError: null,
      encrypted: true,
      _events: [Object: null prototype],
      _eventsCount: 10,
      connecting: false,
      _hadError: false,
      _parent: null,
      _host: 'jalasoft24288.api-us1.com',
      _readableState: [ReadableState],
      _maxListeners: undefined,
      _writableState: [WritableState],
      allowHalfOpen: false,
      _sockname: null,
      _pendingData: null,
      _pendingEncoding: '',
      server: undefined,
      _server: null,
      ssl: [TLSWrap],
      _requestCert: true,
      _rejectUnauthorized: true,
      parser: null,
      _httpMessage: [Circular *1],
      [Symbol(res)]: [TLSWrap],
      [Symbol(verified)]: true,
      [Symbol(pendingSession)]: null,
      [Symbol(async_id_symbol)]: 54856,
      [Symbol(kHandle)]: [TLSWrap],
      [Symbol(kSetNoDelay)]: false,
      [Symbol(lastWriteQueueSize)]: 0,
      [Symbol(timeout)]: null,
      [Symbol(kBuffer)]: null,
      [Symbol(kBufferCb)]: null,
      [Symbol(kBufferGen)]: null,
      [Symbol(kCapture)]: false,
      [Symbol(kBytesRead)]: 0,
      [Symbol(kBytesWritten)]: 0,
      [Symbol(connect-options)]: [Object],
      [Symbol(RequestTimeout)]: undefined
    },
    _header: 'POST /api/3/contactLists HTTP/1.1\r\n' +
      'Api-Token: 88ba14ca8bae3ff5f70b40c44c9603b95a2bbf9c14f94dc84406a1e4e9923391849da0d6\r\n' +
      'Content-Type: application/json\r\n' +
      'User-Agent: axios/0.21.4\r\n' +
      'Content-Length: 71\r\n' +
      'Host: jalasoft24288.api-us1.com\r\n' +
      'Connection: close\r\n' +
      '\r\n',
    _keepAliveTimeout: 0,
    _onPendingData: [Function: nop],
    agent: Agent {
      _events: [Object: null prototype],
      _eventsCount: 2,
      _maxListeners: undefined,
      defaultPort: 443,
      protocol: 'https:',
      options: [Object: null prototype],
      requests: [Object: null prototype] {},
      sockets: [Object: null prototype],
      freeSockets: [Object: null prototype] {},
      keepAliveMsecs: 1000,
      keepAlive: false,
      maxSockets: Infinity,
      maxFreeSockets: 256,
      scheduling: 'lifo',
      maxTotalSockets: Infinity,
      totalSocketCount: 1,
      maxCachedSessions: 100,
      _sessionCache: [Object],
      [Symbol(kCapture)]: false
    },
    socketPath: undefined,
    method: 'POST',
    maxHeaderSize: undefined,
    insecureHTTPParser: undefined,
    path: '/api/3/contactLists',
    _ended: true,
    res: IncomingMessage {
      _readableState: [ReadableState],
      _events: [Object: null prototype],
      _eventsCount: 3,
      _maxListeners: undefined,
      socket: [TLSSocket],
      httpVersionMajor: 1,
      httpVersionMinor: 1,
      httpVersion: '1.1',
      complete: true,
      rawHeaders: [Array],
      rawTrailers: [],
      aborted: false,
      upgrade: false,
      url: '',
      method: null,
      statusCode: 500,
      statusMessage: 'Internal Server Error',
      client: [TLSSocket],
      _consuming: false,
      _dumped: false,
      req: [Circular *1],
      responseUrl: 'https://jalasoft24288.api-us1.com/api/3/contactLists',
      redirects: [],
      [Symbol(kCapture)]: false,
      [Symbol(kHeaders)]: [Object],
      [Symbol(kHeadersCount)]: 36,
      [Symbol(kTrailers)]: null,
      [Symbol(kTrailersCount)]: 0,
      [Symbol(RequestTimeout)]: undefined
    },
    aborted: false,
    timeoutCb: null,
    upgradeOrConnect: false,
    parser: null,
    maxHeadersCount: null,
    reusedSocket: false,
    host: 'jalasoft24288.api-us1.com',
    protocol: 'https:',
    _redirectable: Writable {
      _writableState: [WritableState],
      _events: [Object: null prototype],
      _eventsCount: 2,
      _maxListeners: undefined,
      _options: [Object],
      _ended: true,
      _ending: true,
      _redirectCount: 0,
      _redirects: [],
      _requestBodyLength: 71,
      _requestBodyBuffers: [],
      _onNativeResponse: [Function (anonymous)],
      _currentRequest: [Circular *1],
      _currentUrl: 'https://jalasoft24288.api-us1.com/api/3/contactLists',
      [Symbol(kCapture)]: false
    },
    [Symbol(kCapture)]: false,
    [Symbol(kNeedDrain)]: false,
    [Symbol(corked)]: 0,
    [Symbol(kOutHeaders)]: [Object: null prototype] {
      'api-token': [Array],
      'content-type': [Array],
      'user-agent': [Array],
      'content-length': [Array],
      host: [Array]
    }
  },
  response: {
    status: 500,
    statusText: 'Internal Server Error',
    headers: {
      date: 'Wed, 08 Feb 2023 08:02:55 GMT',
      'content-type': 'application/json',
      'content-length': '0',
      connection: 'close',
      'cache-control': 'no-store, no-cache, must-revalidate',
      expires: 'Thu, 19 Nov 1981 08:52:00 GMT',
      pragma: 'no-cache',
      'set-cookie': [Array],
      'x-ac-error': 'Code 9001',
      'x-envoy-upstream-service-time': '202',
      'x-request-id': '22b7c4b3-3c1f-433c-9d72-d884f3267d25',
      'cf-cache-status': 'DYNAMIC',
      server: 'cloudflare',
      'cf-ray': '7962d87e0a7bd0ad-ARI'
    },
    config: {
      url: 'https://jalasoft24288.api-us1.com/api/3/contactLists',
      method: 'post',
      data: '{"contactList":{"list":13,"contact":{"size":0,"timeout":0},"status":1}}',
      headers: [Object],
      transformRequest: [Array],
      transformResponse: [Array],
      timeout: 0,
      adapter: [Function: httpAdapter],
      xsrfCookieName: 'XSRF-TOKEN',
      xsrfHeaderName: 'X-XSRF-TOKEN',
      maxContentLength: -1,
      maxBodyLength: -1,
      validateStatus: [Function: validateStatus],
      transitional: [Object]
    },
    request: <ref *1> ClientRequest {
      _events: [Object: null prototype],
      _eventsCount: 7,
      _maxListeners: undefined,
      outputData: [],
      outputSize: 0,
      writable: true,
      destroyed: false,
      _last: true,
      chunkedEncoding: false,
      shouldKeepAlive: false,
      maxRequestsOnConnectionReached: false,
      _defaultKeepAlive: true,
      useChunkedEncodingByDefault: true,
      sendDate: false,
      _removedConnection: false,
      _removedContLen: false,
      _removedTE: false,
      _contentLength: null,
      _hasBody: true,
      _trailer: '',
      finished: true,
      _headerSent: true,
      _closed: false,
      socket: [TLSSocket],
      _header: 'POST /api/3/contactLists HTTP/1.1\r\n' +
        'Api-Token: 88ba14ca8bae3ff5f70b40c44c9603b95a2bbf9c14f94dc84406a1e4e9923391849da0d6\r\n' +
        'Content-Type: application/json\r\n' +
        'User-Agent: axios/0.21.4\r\n' +
        'Content-Length: 71\r\n' +
        'Host: jalasoft24288.api-us1.com\r\n' +
        'Connection: close\r\n' +
        '\r\n',
      _keepAliveTimeout: 0,
      _onPendingData: [Function: nop],
      agent: [Agent],
      socketPath: undefined,
      method: 'POST',
      maxHeaderSize: undefined,
      insecureHTTPParser: undefined,
      path: '/api/3/contactLists',
      _ended: true,
      res: [IncomingMessage],
      aborted: false,
      timeoutCb: null,
      upgradeOrConnect: false,
      parser: null,
      maxHeadersCount: null,
      reusedSocket: false,
      host: 'jalasoft24288.api-us1.com',
      protocol: 'https:',
      _redirectable: [Writable],
      [Symbol(kCapture)]: false,
      [Symbol(kNeedDrain)]: false,
      [Symbol(corked)]: 0,
      [Symbol(kOutHeaders)]: [Object: null prototype]
    },
    data: ''
  },
  isAxiosError: true,
  toJSON: [Function: toJSON]
}
[2023-02-08T04:02:55.917] [INFO] app - {
  error: {
    message: 'Request failed with status code 500',
    name: 'Error',
    stack: 'Error: Request failed with status code 500\n' +
      '    at createError (webpack-internal:///../../node_modules/axios/lib/core/createError.js:16:15)\n' +
      '    at settle (webpack-internal:///../../node_modules/axios/lib/core/settle.js:17:12)\n' +
      '    at XMLHttpRequest.onloadend (webpack-internal:///../../node_modules/axios/lib/adapters/xhr.js:54:7)',
    config: {
      url: '/api/activeCampaign',
      method: 'post',
      data: '{"data":{"fullname":"Aldo Ariel Barrera Meneses","email":"aldoarielbarrera@gmail.com","phone":"+59172414837","company":"Home","service":"QA","estimatedBudget":"Under $15K","howCanWeHelp":"test","receiveInformation":true,"consentPrivacy":true,"origin":"/staff-augmentation"}}',
      headers: [Object],
      transformRequest: [Array],
      transformResponse: [Array],
      timeout: 0,
      xsrfCookieName: 'XSRF-TOKEN',
      xsrfHeaderName: 'X-XSRF-TOKEN',
      maxContentLength: -1,
      maxBodyLength: -1,
      transitional: [Object]
    }
  }
}
[2023-02-08T04:04:29.741] [INFO] app - Error: Request failed with status code 500
    at createError (/home/aldobarrera/websites/node_modules/axios/lib/core/createError.js:16:15)
    at settle (/home/aldobarrera/websites/node_modules/axios/lib/core/settle.js:17:12)
    at IncomingMessage.handleStreamEnd (/home/aldobarrera/websites/node_modules/axios/lib/adapters/http.js:269:11)
    at IncomingMessage.emit (node:events:402:35)
    at IncomingMessage.emit (node:domain:475:12)
    at endReadableNT (node:internal/streams/readable:1343:12)
    at processTicksAndRejections (node:internal/process/task_queues:83:21) {
  config: {
    url: 'https://jalasoft24288.api-us1.com/api/3/contactLists',
    method: 'post',
    data: '{"contactList":{"list":13,"contact":{"size":0,"timeout":0},"status":1}}',
    headers: {
      'Api-Token': '88ba14ca8bae3ff5f70b40c44c9603b95a2bbf9c14f94dc84406a1e4e9923391849da0d6',
      'Content-Type': 'application/json',
      'User-Agent': 'axios/0.21.4',
      'Content-Length': 71
    },
    transformRequest: [ [Function: transformRequest] ],
    transformResponse: [ [Function: transformResponse] ],
    timeout: 0,
    adapter: [Function: httpAdapter],
    xsrfCookieName: 'XSRF-TOKEN',
    xsrfHeaderName: 'X-XSRF-TOKEN',
    maxContentLength: -1,
    maxBodyLength: -1,
    validateStatus: [Function: validateStatus],
    transitional: {
      silentJSONParsing: true,
      forcedJSONParsing: true,
      clarifyTimeoutError: false
    }
  },
  request: <ref *1> ClientRequest {
    _events: [Object: null prototype] {
      abort: [Function (anonymous)],
      aborted: [Function (anonymous)],
      connect: [Function (anonymous)],
      error: [Function (anonymous)],
      socket: [Function (anonymous)],
      timeout: [Function (anonymous)],
      prefinish: [Function: requestOnPrefinish]
    },
    _eventsCount: 7,
    _maxListeners: undefined,
    outputData: [],
    outputSize: 0,
    writable: true,
    destroyed: false,
    _last: true,
    chunkedEncoding: false,
    shouldKeepAlive: false,
    maxRequestsOnConnectionReached: false,
    _defaultKeepAlive: true,
    useChunkedEncodingByDefault: true,
    sendDate: false,
    _removedConnection: false,
    _removedContLen: false,
    _removedTE: false,
    _contentLength: null,
    _hasBody: true,
    _trailer: '',
    finished: true,
    _headerSent: true,
    _closed: false,
    socket: TLSSocket {
      _tlsOptions: [Object],
      _secureEstablished: true,
      _securePending: false,
      _newSessionPending: false,
      _controlReleased: true,
      secureConnecting: false,
      _SNICallback: null,
      servername: 'jalasoft24288.api-us1.com',
      alpnProtocol: false,
      authorized: true,
      authorizationError: null,
      encrypted: true,
      _events: [Object: null prototype],
      _eventsCount: 10,
      connecting: false,
      _hadError: false,
      _parent: null,
      _host: 'jalasoft24288.api-us1.com',
      _readableState: [ReadableState],
      _maxListeners: undefined,
      _writableState: [WritableState],
      allowHalfOpen: false,
      _sockname: null,
      _pendingData: null,
      _pendingEncoding: '',
      server: undefined,
      _server: null,
      ssl: [TLSWrap],
      _requestCert: true,
      _rejectUnauthorized: true,
      parser: null,
      _httpMessage: [Circular *1],
      [Symbol(res)]: [TLSWrap],
      [Symbol(verified)]: true,
      [Symbol(pendingSession)]: null,
      [Symbol(async_id_symbol)]: 52054,
      [Symbol(kHandle)]: [TLSWrap],
      [Symbol(kSetNoDelay)]: false,
      [Symbol(lastWriteQueueSize)]: 0,
      [Symbol(timeout)]: null,
      [Symbol(kBuffer)]: null,
      [Symbol(kBufferCb)]: null,
      [Symbol(kBufferGen)]: null,
      [Symbol(kCapture)]: false,
      [Symbol(kBytesRead)]: 0,
      [Symbol(kBytesWritten)]: 0,
      [Symbol(connect-options)]: [Object],
      [Symbol(RequestTimeout)]: undefined
    },
    _header: 'POST /api/3/contactLists HTTP/1.1\r\n' +
      'Api-Token: 88ba14ca8bae3ff5f70b40c44c9603b95a2bbf9c14f94dc84406a1e4e9923391849da0d6\r\n' +
      'Content-Type: application/json\r\n' +
      'User-Agent: axios/0.21.4\r\n' +
      'Content-Length: 71\r\n' +
      'Host: jalasoft24288.api-us1.com\r\n' +
      'Connection: close\r\n' +
      '\r\n',
    _keepAliveTimeout: 0,
    _onPendingData: [Function: nop],
    agent: Agent {
      _events: [Object: null prototype],
      _eventsCount: 2,
      _maxListeners: undefined,
      defaultPort: 443,
      protocol: 'https:',
      options: [Object: null prototype],
      requests: [Object: null prototype] {},
      sockets: [Object: null prototype],
      freeSockets: [Object: null prototype] {},
      keepAliveMsecs: 1000,
      keepAlive: false,
      maxSockets: Infinity,
      maxFreeSockets: 256,
      scheduling: 'lifo',
      maxTotalSockets: Infinity,
      totalSocketCount: 1,
      maxCachedSessions: 100,
      _sessionCache: [Object],
      [Symbol(kCapture)]: false
    },
    socketPath: undefined,
    method: 'POST',
    maxHeaderSize: undefined,
    insecureHTTPParser: undefined,
    path: '/api/3/contactLists',
    _ended: true,
    res: IncomingMessage {
      _readableState: [ReadableState],
      _events: [Object: null prototype],
      _eventsCount: 3,
      _maxListeners: undefined,
      socket: [TLSSocket],
      httpVersionMajor: 1,
      httpVersionMinor: 1,
      httpVersion: '1.1',
      complete: true,
      rawHeaders: [Array],
      rawTrailers: [],
      aborted: false,
      upgrade: false,
      url: '',
      method: null,
      statusCode: 500,
      statusMessage: 'Internal Server Error',
      client: [TLSSocket],
      _consuming: false,
      _dumped: false,
      req: [Circular *1],
      responseUrl: 'https://jalasoft24288.api-us1.com/api/3/contactLists',
      redirects: [],
      [Symbol(kCapture)]: false,
      [Symbol(kHeaders)]: [Object],
      [Symbol(kHeadersCount)]: 36,
      [Symbol(kTrailers)]: null,
      [Symbol(kTrailersCount)]: 0,
      [Symbol(RequestTimeout)]: undefined
    },
    aborted: false,
    timeoutCb: null,
    upgradeOrConnect: false,
    parser: null,
    maxHeadersCount: null,
    reusedSocket: false,
    host: 'jalasoft24288.api-us1.com',
    protocol: 'https:',
    _redirectable: Writable {
      _writableState: [WritableState],
      _events: [Object: null prototype],
      _eventsCount: 2,
      _maxListeners: undefined,
      _options: [Object],
      _ended: true,
      _ending: true,
      _redirectCount: 0,
      _redirects: [],
      _requestBodyLength: 71,
      _requestBodyBuffers: [],
      _onNativeResponse: [Function (anonymous)],
      _currentRequest: [Circular *1],
      _currentUrl: 'https://jalasoft24288.api-us1.com/api/3/contactLists',
      [Symbol(kCapture)]: false
    },
    [Symbol(kCapture)]: false,
    [Symbol(kNeedDrain)]: false,
    [Symbol(corked)]: 0,
    [Symbol(kOutHeaders)]: [Object: null prototype] {
      'api-token': [Array],
      'content-type': [Array],
      'user-agent': [Array],
      'content-length': [Array],
      host: [Array]
    }
  },
  response: {
    status: 500,
    statusText: 'Internal Server Error',
    headers: {
      date: 'Wed, 08 Feb 2023 08:04:29 GMT',
      'content-type': 'application/json',
      'content-length': '0',
      connection: 'close',
      'cache-control': 'no-store, no-cache, must-revalidate',
      expires: 'Thu, 19 Nov 1981 08:52:00 GMT',
      pragma: 'no-cache',
      'set-cookie': [Array],
      'x-ac-error': 'Code 9001',
      'x-envoy-upstream-service-time': '84',
      'x-request-id': '9edff286-2bd3-4a97-b5b4-18eefeba8151',
      'cf-cache-status': 'DYNAMIC',
      server: 'cloudflare',
      'cf-ray': '7962daceaa7ac838-ARI'
    },
    config: {
      url: 'https://jalasoft24288.api-us1.com/api/3/contactLists',
      method: 'post',
      data: '{"contactList":{"list":13,"contact":{"size":0,"timeout":0},"status":1}}',
      headers: [Object],
      transformRequest: [Array],
      transformResponse: [Array],
      timeout: 0,
      adapter: [Function: httpAdapter],
      xsrfCookieName: 'XSRF-TOKEN',
      xsrfHeaderName: 'X-XSRF-TOKEN',
      maxContentLength: -1,
      maxBodyLength: -1,
      validateStatus: [Function: validateStatus],
      transitional: [Object]
    },
    request: <ref *1> ClientRequest {
      _events: [Object: null prototype],
      _eventsCount: 7,
      _maxListeners: undefined,
      outputData: [],
      outputSize: 0,
      writable: true,
      destroyed: false,
      _last: true,
      chunkedEncoding: false,
      shouldKeepAlive: false,
      maxRequestsOnConnectionReached: false,
      _defaultKeepAlive: true,
      useChunkedEncodingByDefault: true,
      sendDate: false,
      _removedConnection: false,
      _removedContLen: false,
      _removedTE: false,
      _contentLength: null,
      _hasBody: true,
      _trailer: '',
      finished: true,
      _headerSent: true,
      _closed: false,
      socket: [TLSSocket],
      _header: 'POST /api/3/contactLists HTTP/1.1\r\n' +
        'Api-Token: 88ba14ca8bae3ff5f70b40c44c9603b95a2bbf9c14f94dc84406a1e4e9923391849da0d6\r\n' +
        'Content-Type: application/json\r\n' +
        'User-Agent: axios/0.21.4\r\n' +
        'Content-Length: 71\r\n' +
        'Host: jalasoft24288.api-us1.com\r\n' +
        'Connection: close\r\n' +
        '\r\n',
      _keepAliveTimeout: 0,
      _onPendingData: [Function: nop],
      agent: [Agent],
      socketPath: undefined,
      method: 'POST',
      maxHeaderSize: undefined,
      insecureHTTPParser: undefined,
      path: '/api/3/contactLists',
      _ended: true,
      res: [IncomingMessage],
      aborted: false,
      timeoutCb: null,
      upgradeOrConnect: false,
      parser: null,
      maxHeadersCount: null,
      reusedSocket: false,
      host: 'jalasoft24288.api-us1.com',
      protocol: 'https:',
      _redirectable: [Writable],
      [Symbol(kCapture)]: false,
      [Symbol(kNeedDrain)]: false,
      [Symbol(corked)]: 0,
      [Symbol(kOutHeaders)]: [Object: null prototype]
    },
    data: ''
  },
  isAxiosError: true,
  toJSON: [Function: toJSON]
}
[2023-02-08T04:04:29.967] [INFO] app - {
  error: {
    message: 'Request failed with status code 500',
    name: 'Error',
    stack: 'Error: Request failed with status code 500\n' +
      '    at createError (webpack-internal:///../../node_modules/axios/lib/core/createError.js:16:15)\n' +
      '    at settle (webpack-internal:///../../node_modules/axios/lib/core/settle.js:17:12)\n' +
      '    at XMLHttpRequest.onloadend (webpack-internal:///../../node_modules/axios/lib/adapters/xhr.js:54:7)',
    config: {
      url: '/api/activeCampaign',
      method: 'post',
      data: '{"fullname":"Aldo Ariel Barrera Meneses","email":"aldoarielbarrera@gmail.com","phone":"+59172414837","company":"Home","service":"DevOps","estimatedBudget":"$15K to $50K","howCanWeHelp":"test","receiveInformation":true,"consentPrivacy":true,"origin":"/staff-augmentation"}',
      headers: [Object],
      transformRequest: [Array],
      transformResponse: [Array],
      timeout: 0,
      xsrfCookieName: 'XSRF-TOKEN',
      xsrfHeaderName: 'X-XSRF-TOKEN',
      maxContentLength: -1,
      maxBodyLength: -1,
      transitional: [Object]
    }
  }
}
