[2023-04-15T18:04:58.075] [INFO] app - Error [ERR_STREAM_CANNOT_PIPE]: Cannot pipe, not readable
    at new NodeError (node:internal/errors:371:5)
    at ServerResponse.pipe (node:_http_outgoing:990:22)
    at sendData (/home/aldobarrera/websites/node_modules/next/dist/server/api-utils/node.js:272:14)
    at ServerResponse.apiRes.send (/home/aldobarrera/websites/node_modules/next/dist/server/api-utils/node.js:160:31)
    at sendJson (/home/aldobarrera/websites/node_modules/next/dist/server/api-utils/node.js:307:9)
    at ServerResponse.apiRes.json (/home/aldobarrera/websites/node_modules/next/dist/server/api-utils/node.js:162:31)
    at handler (webpack-internal:///(api)/./src/pages/api/migration/index.ts:15:21)
    at Object.apiResolver (/home/aldobarrera/websites/node_modules/next/dist/server/api-utils/node.js:182:15)
    at runMicrotasks (<anonymous>)
    at processTicksAndRejections (node:internal/process/task_queues:96:5) {
  code: 'ERR_STREAM_CANNOT_PIPE'
}
[2023-04-15T18:08:11.877] [INFO] app - { error: 'Not found' }
[2023-04-15T18:08:27.452] [INFO] app - { error: 'Not found' }
[2023-04-15T18:09:00.191] [INFO] app - { error: 'Not found' }
[2023-04-15T18:09:26.621] [INFO] app - { error: 'Request subdomain does not match account subdomain' }
[2023-04-15T18:09:56.835] [INFO] app - TypeError: Cannot read properties of undefined (reading 'status')
    at handler (webpack-internal:///(api)/./src/pages/api/migration/index.ts:12:9)
    at runMicrotasks (<anonymous>)
    at processTicksAndRejections (node:internal/process/task_queues:96:5)
    at async Object.apiResolver (/home/aldobarrera/websites/node_modules/next/dist/server/api-utils/node.js:182:9)
    at async DevServer.runApi (/home/aldobarrera/websites/node_modules/next/dist/server/next-server.js:386:9)
    at async Object.fn (/home/aldobarrera/websites/node_modules/next/dist/server/base-server.js:488:37)
    at async Router.execute (/home/aldobarrera/websites/node_modules/next/dist/server/router.js:228:32)
    at async DevServer.run (/home/aldobarrera/websites/node_modules/next/dist/server/base-server.js:600:29)
    at async DevServer.run (/home/aldobarrera/websites/node_modules/next/dist/server/dev/next-dev-server.js:445:20)
    at async DevServer.handleRequest (/home/aldobarrera/websites/node_modules/next/dist/server/base-server.js:307:20)
[2023-04-15T18:10:25.816] [INFO] app - TypeError: Cannot read properties of undefined (reading 'status')
    at handler (webpack-internal:///(api)/./src/pages/api/migration/index.ts:12:9)
    at runMicrotasks (<anonymous>)
    at processTicksAndRejections (node:internal/process/task_queues:96:5)
    at async Object.apiResolver (/home/aldobarrera/websites/node_modules/next/dist/server/api-utils/node.js:182:9)
    at async DevServer.runApi (/home/aldobarrera/websites/node_modules/next/dist/server/next-server.js:386:9)
    at async Object.fn (/home/aldobarrera/websites/node_modules/next/dist/server/base-server.js:488:37)
    at async Router.execute (/home/aldobarrera/websites/node_modules/next/dist/server/router.js:228:32)
    at async DevServer.run (/home/aldobarrera/websites/node_modules/next/dist/server/base-server.js:600:29)
    at async DevServer.run (/home/aldobarrera/websites/node_modules/next/dist/server/dev/next-dev-server.js:445:20)
    at async DevServer.handleRequest (/home/aldobarrera/websites/node_modules/next/dist/server/base-server.js:307:20)
[2023-04-15T18:11:06.238] [INFO] app - TypeError: Cannot read properties of undefined (reading 'status')
    at handler (webpack-internal:///(api)/./src/pages/api/migration/index.ts:13:9)
    at processTicksAndRejections (node:internal/process/task_queues:96:5)
    at async Object.apiResolver (/home/aldobarrera/websites/node_modules/next/dist/server/api-utils/node.js:182:9)
    at async DevServer.runApi (/home/aldobarrera/websites/node_modules/next/dist/server/next-server.js:386:9)
    at async Object.fn (/home/aldobarrera/websites/node_modules/next/dist/server/base-server.js:488:37)
    at async Router.execute (/home/aldobarrera/websites/node_modules/next/dist/server/router.js:228:32)
    at async DevServer.run (/home/aldobarrera/websites/node_modules/next/dist/server/base-server.js:600:29)
    at async DevServer.run (/home/aldobarrera/websites/node_modules/next/dist/server/dev/next-dev-server.js:445:20)
    at async DevServer.handleRequest (/home/aldobarrera/websites/node_modules/next/dist/server/base-server.js:307:20)
[2023-04-15T18:12:43.122] [INFO] app - TypeError: Cannot read properties of undefined (reading 'status')
    at handler (webpack-internal:///(api)/./src/pages/api/migration/index.ts:13:9)
    at processTicksAndRejections (node:internal/process/task_queues:96:5)
    at async Object.apiResolver (/home/aldobarrera/websites/node_modules/next/dist/server/api-utils/node.js:182:9)
    at async DevServer.runApi (/home/aldobarrera/websites/node_modules/next/dist/server/next-server.js:386:9)
    at async Object.fn (/home/aldobarrera/websites/node_modules/next/dist/server/base-server.js:488:37)
    at async Router.execute (/home/aldobarrera/websites/node_modules/next/dist/server/router.js:228:32)
    at async DevServer.run (/home/aldobarrera/websites/node_modules/next/dist/server/base-server.js:600:29)
    at async DevServer.run (/home/aldobarrera/websites/node_modules/next/dist/server/dev/next-dev-server.js:445:20)
    at async DevServer.handleRequest (/home/aldobarrera/websites/node_modules/next/dist/server/base-server.js:307:20)
[2023-04-15T18:13:02.614] [INFO] app - TypeError: res.status is not a function
    at handler (webpack-internal:///(api)/./src/pages/api/migration/index.ts:13:9)
    at processTicksAndRejections (node:internal/process/task_queues:96:5)
    at async Object.apiResolver (/home/aldobarrera/websites/node_modules/next/dist/server/api-utils/node.js:182:9)
    at async DevServer.runApi (/home/aldobarrera/websites/node_modules/next/dist/server/next-server.js:386:9)
    at async Object.fn (/home/aldobarrera/websites/node_modules/next/dist/server/base-server.js:488:37)
    at async Router.execute (/home/aldobarrera/websites/node_modules/next/dist/server/router.js:228:32)
    at async DevServer.run (/home/aldobarrera/websites/node_modules/next/dist/server/base-server.js:600:29)
    at async DevServer.run (/home/aldobarrera/websites/node_modules/next/dist/server/dev/next-dev-server.js:445:20)
    at async DevServer.handleRequest (/home/aldobarrera/websites/node_modules/next/dist/server/base-server.js:307:20)
[2023-04-15T18:13:25.144] [INFO] app - TypeError: res.status is not a function
    at handler (webpack-internal:///(api)/./src/pages/api/migration/index.ts:13:9)
    at processTicksAndRejections (node:internal/process/task_queues:96:5)
    at async Object.apiResolver (/home/aldobarrera/websites/node_modules/next/dist/server/api-utils/node.js:182:9)
    at async DevServer.runApi (/home/aldobarrera/websites/node_modules/next/dist/server/next-server.js:386:9)
    at async Object.fn (/home/aldobarrera/websites/node_modules/next/dist/server/base-server.js:488:37)
    at async Router.execute (/home/aldobarrera/websites/node_modules/next/dist/server/router.js:228:32)
    at async DevServer.run (/home/aldobarrera/websites/node_modules/next/dist/server/base-server.js:600:29)
    at async DevServer.run (/home/aldobarrera/websites/node_modules/next/dist/server/dev/next-dev-server.js:445:20)
    at async DevServer.handleRequest (/home/aldobarrera/websites/node_modules/next/dist/server/base-server.js:307:20)
[2023-04-15T18:14:23.029] [INFO] app - TypeError: res.status is not a function
    at handler (webpack-internal:///(api)/./src/pages/api/migration/index.ts:14:9)
    at processTicksAndRejections (node:internal/process/task_queues:96:5)
    at async Object.apiResolver (/home/aldobarrera/websites/node_modules/next/dist/server/api-utils/node.js:182:9)
    at async DevServer.runApi (/home/aldobarrera/websites/node_modules/next/dist/server/next-server.js:386:9)
    at async Object.fn (/home/aldobarrera/websites/node_modules/next/dist/server/base-server.js:488:37)
    at async Router.execute (/home/aldobarrera/websites/node_modules/next/dist/server/router.js:228:32)
    at async DevServer.run (/home/aldobarrera/websites/node_modules/next/dist/server/base-server.js:600:29)
    at async DevServer.run (/home/aldobarrera/websites/node_modules/next/dist/server/dev/next-dev-server.js:445:20)
    at async DevServer.handleRequest (/home/aldobarrera/websites/node_modules/next/dist/server/base-server.js:307:20)
[2023-04-15T18:14:51.201] [INFO] app - TypeError: res.status is not a function
    at handler (webpack-internal:///(api)/./src/pages/api/migration/index.ts:14:9)
    at processTicksAndRejections (node:internal/process/task_queues:96:5)
    at async Object.apiResolver (/home/aldobarrera/websites/node_modules/next/dist/server/api-utils/node.js:182:9)
    at async DevServer.runApi (/home/aldobarrera/websites/node_modules/next/dist/server/next-server.js:386:9)
    at async Object.fn (/home/aldobarrera/websites/node_modules/next/dist/server/base-server.js:488:37)
    at async Router.execute (/home/aldobarrera/websites/node_modules/next/dist/server/router.js:228:32)
    at async DevServer.run (/home/aldobarrera/websites/node_modules/next/dist/server/base-server.js:600:29)
    at async DevServer.run (/home/aldobarrera/websites/node_modules/next/dist/server/dev/next-dev-server.js:445:20)
    at async DevServer.handleRequest (/home/aldobarrera/websites/node_modules/next/dist/server/base-server.js:307:20)
[2023-04-15T18:15:35.467] [INFO] app - TypeError: res.status is not a function
    at handler (webpack-internal:///(api)/./src/pages/api/migration/index.ts:14:9)
    at processTicksAndRejections (node:internal/process/task_queues:96:5)
    at async Object.apiResolver (/home/aldobarrera/websites/node_modules/next/dist/server/api-utils/node.js:182:9)
    at async DevServer.runApi (/home/aldobarrera/websites/node_modules/next/dist/server/next-server.js:386:9)
    at async Object.fn (/home/aldobarrera/websites/node_modules/next/dist/server/base-server.js:488:37)
    at async Router.execute (/home/aldobarrera/websites/node_modules/next/dist/server/router.js:228:32)
    at async DevServer.run (/home/aldobarrera/websites/node_modules/next/dist/server/base-server.js:600:29)
    at async DevServer.run (/home/aldobarrera/websites/node_modules/next/dist/server/dev/next-dev-server.js:445:20)
    at async DevServer.handleRequest (/home/aldobarrera/websites/node_modules/next/dist/server/base-server.js:307:20)
[2023-04-15T18:16:01.752] [INFO] app - TypeError: res.status is not a function
    at handler (webpack-internal:///(api)/./src/pages/api/migration/index.ts:13:9)
    at processTicksAndRejections (node:internal/process/task_queues:96:5)
    at async Object.apiResolver (/home/aldobarrera/websites/node_modules/next/dist/server/api-utils/node.js:182:9)
    at async DevServer.runApi (/home/aldobarrera/websites/node_modules/next/dist/server/next-server.js:386:9)
    at async Object.fn (/home/aldobarrera/websites/node_modules/next/dist/server/base-server.js:488:37)
    at async Router.execute (/home/aldobarrera/websites/node_modules/next/dist/server/router.js:228:32)
    at async DevServer.run (/home/aldobarrera/websites/node_modules/next/dist/server/base-server.js:600:29)
    at async DevServer.run (/home/aldobarrera/websites/node_modules/next/dist/server/dev/next-dev-server.js:445:20)
    at async DevServer.handleRequest (/home/aldobarrera/websites/node_modules/next/dist/server/base-server.js:307:20)
[2023-04-15T18:16:48.632] [INFO] app - TypeError: res.status is not a function
    at handler (webpack-internal:///(api)/./src/pages/api/migration/index.ts:13:9)
    at processTicksAndRejections (node:internal/process/task_queues:96:5)
    at async Object.apiResolver (/home/aldobarrera/websites/node_modules/next/dist/server/api-utils/node.js:182:9)
    at async DevServer.runApi (/home/aldobarrera/websites/node_modules/next/dist/server/next-server.js:386:9)
    at async Object.fn (/home/aldobarrera/websites/node_modules/next/dist/server/base-server.js:488:37)
    at async Router.execute (/home/aldobarrera/websites/node_modules/next/dist/server/router.js:228:32)
    at async DevServer.run (/home/aldobarrera/websites/node_modules/next/dist/server/base-server.js:600:29)
    at async DevServer.run (/home/aldobarrera/websites/node_modules/next/dist/server/dev/next-dev-server.js:445:20)
    at async DevServer.handleRequest (/home/aldobarrera/websites/node_modules/next/dist/server/base-server.js:307:20)
[2023-04-15T18:17:09.946] [INFO] app - TypeError: res.status is not a function
    at handler (webpack-internal:///(api)/./src/pages/api/migration/index.ts:13:9)
    at processTicksAndRejections (node:internal/process/task_queues:96:5)
    at async Object.apiResolver (/home/aldobarrera/websites/node_modules/next/dist/server/api-utils/node.js:182:9)
    at async DevServer.runApi (/home/aldobarrera/websites/node_modules/next/dist/server/next-server.js:386:9)
    at async Object.fn (/home/aldobarrera/websites/node_modules/next/dist/server/base-server.js:488:37)
    at async Router.execute (/home/aldobarrera/websites/node_modules/next/dist/server/router.js:228:32)
    at async DevServer.run (/home/aldobarrera/websites/node_modules/next/dist/server/base-server.js:600:29)
    at async DevServer.run (/home/aldobarrera/websites/node_modules/next/dist/server/dev/next-dev-server.js:445:20)
    at async DevServer.handleRequest (/home/aldobarrera/websites/node_modules/next/dist/server/base-server.js:307:20)
[2023-04-15T18:17:35.682] [INFO] app - TypeError: res.status is not a function
    at handler (webpack-internal:///(api)/./src/pages/api/migration/index.ts:13:9)
    at processTicksAndRejections (node:internal/process/task_queues:96:5)
    at async Object.apiResolver (/home/aldobarrera/websites/node_modules/next/dist/server/api-utils/node.js:182:9)
    at async DevServer.runApi (/home/aldobarrera/websites/node_modules/next/dist/server/next-server.js:386:9)
    at async Object.fn (/home/aldobarrera/websites/node_modules/next/dist/server/base-server.js:488:37)
    at async Router.execute (/home/aldobarrera/websites/node_modules/next/dist/server/router.js:228:32)
    at async DevServer.run (/home/aldobarrera/websites/node_modules/next/dist/server/base-server.js:600:29)
    at async DevServer.run (/home/aldobarrera/websites/node_modules/next/dist/server/dev/next-dev-server.js:445:20)
    at async DevServer.handleRequest (/home/aldobarrera/websites/node_modules/next/dist/server/base-server.js:307:20)
