[2023-11-11T03:09:15.807] [ERROR] app - Id - 500 - getStaticProps -Error on get contentful page: contactfdfd55
[2023-11-11T03:09:53.017] [ERROR] app - Id - 500 - getStaticProps -Error on get contentful page: contactfdfd55
[2023-11-11T03:36:29.121] [ERROR] app - Id - 500 - getStaticProps -Error on get contentful page: contactfdfd55
[2023-11-11T03:38:04.971] [ERROR] app - Id - 500 - getStaticProps -Error on get contentful page: contactfdfd55
[2023-11-11T03:40:25.168] [ERROR] app - Id - 500 - getStaticProps -Error on get contentful page: contactfdfd55
[2023-11-11T03:48:33.267] [ERROR] app - Id - 500 - getStaticProps -Error on get contentful page: contactfdfd55
[2023-11-11T03:49:33.527] [ERROR] app - Id - 500 - getStaticProps -Error on get contentful page: contactfdfd55
[2023-11-11T03:52:07.234] [ERROR] app - Id - 500 - getStaticProps -Error on get contentful page: contactfdfd55
[2023-11-11T03:55:38.206] [ERROR] app - Id - 500 - getStaticProps -Error on get contentful page: contactfdfd55
[2023-11-11T03:58:31.991] [ERROR] app - Id - 500 - getStaticProps -Error on get contentful page: contactfdfd55
[2023-11-11T03:59:52.781] [ERROR] app - Id - 500 - getStaticProps -Error on get contentful page: contactfdfd55
[2023-11-11T04:02:21.184] [ERROR] app - Id - 500 - getStaticProps -Error on get contentful page: fdgdfgfd
[2023-11-11T04:08:31.253] [ERROR] app - Id - 404 - getStaticProps -Error on get contentful page: fdgdfgfd
[2023-11-11T04:09:40.731] [ERROR] app - Id - 404 - getStaticProps -Error on get contentful page: fdgdfgfd
[2023-11-11T04:11:48.646] [ERROR] app - Id - 404 - getStaticProps -Error on get contentful page: fdgdfgfd
[2023-11-11T04:11:54.899] [ERROR] app - Id - 404 - getStaticProps -Error on get contentful page: fdgdfgfd
[2023-11-11T04:13:01.405] [ERROR] app - Id - 404 - getStaticProps -Error on get contentful page: fdgdfgfd
[2023-11-11T04:13:12.840] [ERROR] app - Id - 404 - getStaticProps -Error on get contentful page: 4444
[2023-11-11T04:14:14.091] [ERROR] app - Id - 404 - getStaticProps -Error on get contentful page: 4444
[2023-11-11T04:15:14.909] [ERROR] app - Id - 404 - getStaticProps -Error on get contentful page: 4444
[2023-11-11T04:15:55.254] [ERROR] app - Id - 404 - getStaticProps -Error on get contentful page: 4444
[2023-11-11T04:17:35.018] [ERROR] app - Id - 404 - getStaticProps -Error on get contentful page: 4444fgfg
[2023-11-11T04:20:11.635] [ERROR] app - Id - 404 - getStaticProps -Error on get contentful page: 4444fgfg
[2023-11-11T04:20:20.940] [ERROR] app - Id - 404 - getStaticProps -Error on get contentful page: 4444fgfg
[2023-11-11T04:20:29.085] [ERROR] app - Id - 404 - getStaticProps -Error on get contentful page: 4444dsds
[2023-11-11T04:22:43.182] [ERROR] app - Id - 404 - getStaticProps -Error on get contentful page: 4444dsds
[2023-11-11T04:24:27.545] [ERROR] app - Id - 404 - getStaticProps -Error on get contentful page: 4444dsds55
[2023-11-11T04:25:18.319] [ERROR] app - Id - 404 - getStaticProps -Error on get contentful page: 4444dsds55hjh
[2023-11-11T04:25:45.707] [ERROR] app - Id - 404 - getStaticProps -Error on get contentful page: 4444dsds55
[2023-11-11T04:25:47.602] [ERROR] app - Id - 404 - getStaticProps -Error on get contentful page: 4444dsds55
[2023-11-11T04:26:20.375] [ERROR] app - Id - 404 - getStaticProps -Error on get contentful page: 777ds
[2023-11-11T04:29:52.264] [ERROR] app - Id - 404 - getStaticProps -Error on get contentful page: 777ds
[2023-11-11T04:30:40.986] [ERROR] app - Id - 404 - getStaticProps -Error on get contentful page: hgfhfgh
[2023-11-11T04:30:46.101] [ERROR] app - Id - 404 - getStaticProps -Error on get contentful page: contact2
